Arguments: 
  /Users/federicoghedina/.nvm/versions/node/v12.16.1/bin/node /usr/local/Cellar/yarn/1.22.10/libexec/bin/yarn.js

PATH: 
  /Users/federicoghedina/.nvm/versions/node/v12.16.1/bin:/usr/local/opt/mysql-client/bin:/Users/federicoghedina/Library/Android/sdk/build-tools/23.0.1:/Users/federicoghedina/Library/Android/sdk/platform-tools:/Users/federicoghedina/Library/Android/sdk/emulator:/Users/federicoghedina/Library/Android/sdk/tools:/Users/federicoghedina/Library/Android/sdk/platform-tools:/Users/federicoghedina/.nvm/versions/node/v6.11.2:/usr/local/sbin:/usr/local/php5/bin:/usr/local/mysql/bin:/usr/local/bin:/usr/local/bin:/usr/local/bin:/usr/bin:/bin:/usr/sbin:/sbin:/opt/X11/bin:/Applications/Wireshark.app/Contents/MacOS:/Users/federicoghedina/.nvm/versions/node/v12.16.1/bin:/usr/local/opt/mysql-client/bin:/Users/federicoghedina/Library/Android/sdk/build-tools/23.0.1:/Users/federicoghedina/Library/Android/sdk/platform-tools:/Users/federicoghedina/Library/Android/sdk/emulator:/Users/federicoghedina/Library/Android/sdk/tools:/Users/federicoghedina/.nvm/versions/node/v6.11.2:/usr/local/sbin:/usr/local/php5/bin:/usr/local/mysql/bin:/Users/federicoghedina/bin:/Applications/nwjs-sdk-v0.24.4-osx-x64/nwjs.app/Contents/MacOS:/usr/local/Cellar/kafka/1.0.0/bin:/usr/local/mongodb/bin:/Users/federicoghedina/bin:/Applications/nwjs-sdk-v0.24.4-osx-x64/nwjs.app/Contents/MacOS:/usr/local/Cellar/kafka/1.0.0/bin:/usr/local/mongodb/bin

Yarn version: 
  1.22.10

Node version: 
  12.16.1

Platform: 
  darwin x64

Trace: 
  SyntaxError: /Users/federicoghedina/htdocs/monitor/package.json: Unexpected token } in JSON at position 273
      at JSON.parse (<anonymous>)
      at /usr/local/Cellar/yarn/1.22.10/libexec/lib/cli.js:1625:59
      at Generator.next (<anonymous>)
      at step (/usr/local/Cellar/yarn/1.22.10/libexec/lib/cli.js:310:30)
      at /usr/local/Cellar/yarn/1.22.10/libexec/lib/cli.js:321:13

npm manifest: 
  {
    "name": "monitor",
    "version": "1.0.0",
    "main": "index.js",
    "repository": "https://github.com/fedeghe/monitor.git",
    "author": "fedeghe <fedeghe@gmail.com>",
    "license": "MIT",
    "scripts": {
      "start": "webpack serve --open --config source/webpack.dev.js",
    },
    "devDependencies": {
      "@babel/core": "^7.12.17",
      "@babel/preset-env": "^7.12.17",
      "babel": "^6.23.0",
      "babel-cli": "^6.26.0",
      "clean-webpack-plugin": "^3.0.0",
      "css-loader": "^5.0.2",
      "less": "^4.1.1",
      "less-loader": "^8.0.0",
      "uglifyjs-webpack-plugin": "^2.2.0",
      "webpack": "^5.23.0",
      "webpack-cli": "^4.5.0",
      "webpack-dev-server": "^3.11.2"
    }
  }

yarn manifest: 
  No manifest

Lockfile: 
  No lockfile
